11 Jun 2014 | 19:39:52,505 | INFO  | main | smartfoxserver.v2.SmartFoxServer |     | Boot sequence starts...
11 Jun 2014 | 19:39:52,523 | INFO  | main | smartfoxserver.v2.SmartFoxServer |     | 
 _____ _____ _____    ___ __ __    _____ _____ _____ _____ 
|   __|   __|   __|  |_  |  |  |  | __  |     |     |_   _|
|__   |   __|__   |  |  _|-   -|  | __ -|  |  |  |  | | |  
|_____|__|  |_____|  |___|__|__|  |_____|_____|_____| |_|

11 Jun 2014 | 19:39:52,527 | ERROR | main | smartfoxserver.v2.SmartFoxServer |     | com.smartfoxserver.v2.exceptions.SFSException:
::::::::::::::::::::::::::::::::::::::::::::::::::::::::::::::::::::::
Exception: com.smartfoxserver.v2.exceptions.SFSException
Message: Unable to initialize LMS
Description: Fatal error -> Boot failure.
Please report the issue to the online SmartFoxServer support.
+--- --- ---+
Stack Trace:
+--- --- ---+
com.smartfoxserver.v2.SmartFoxServer.initLMService(SmartFoxServer.java:625)
com.smartfoxserver.v2.SmartFoxServer.initialize(SmartFoxServer.java:540)
com.smartfoxserver.v2.SmartFoxServer.start(SmartFoxServer.java:199)
com.smartfoxserver.v2.Main.main(Main.java:31)
sun.reflect.NativeMethodAccessorImpl.invoke0(Native Method)
sun.reflect.NativeMethodAccessorImpl.invoke(Unknown Source)
sun.reflect.DelegatingMethodAccessorImpl.invoke(Unknown Source)
java.lang.reflect.Method.invoke(Unknown Source)
com.exe4j.runtime.LauncherEngine.launch(Unknown Source)
com.install4j.runtime.launcher.Launcher.main(Unknown Source)
::::::::::::::::::::::::::::::::::::::::::::::::::::::::::::::::::::::

11 Jun 2014 | 19:39:52,530 | INFO  | Thread-2 | entities.managers.SFSZoneManager |     | BuddyList saveAll...
11 Jun 2014 | 19:40:04,752 | INFO  | main | smartfoxserver.v2.SmartFoxServer |     | Boot sequence starts...
11 Jun 2014 | 19:40:04,775 | INFO  | main | smartfoxserver.v2.SmartFoxServer |     | 
 _____ _____ _____    ___ __ __    _____ _____ _____ _____ 
|   __|   __|   __|  |_  |  |  |  | __  |     |     |_   _|
|__   |   __|__   |  |  _|-   -|  | __ -|  |  |  |  | | |  
|_____|__|  |_____|  |___|__|__|  |_____|_____|_____| |_|

11 Jun 2014 | 19:40:04,780 | ERROR | main | smartfoxserver.v2.SmartFoxServer |     | com.smartfoxserver.v2.exceptions.SFSException:
::::::::::::::::::::::::::::::::::::::::::::::::::::::::::::::::::::::
Exception: com.smartfoxserver.v2.exceptions.SFSException
Message: Unable to initialize LMS
Description: Fatal error -> Boot failure.
Please report the issue to the online SmartFoxServer support.
+--- --- ---+
Stack Trace:
+--- --- ---+
com.smartfoxserver.v2.SmartFoxServer.initLMService(SmartFoxServer.java:625)
com.smartfoxserver.v2.SmartFoxServer.initialize(SmartFoxServer.java:540)
com.smartfoxserver.v2.SmartFoxServer.start(SmartFoxServer.java:199)
com.smartfoxserver.v2.Main.main(Main.java:31)
sun.reflect.NativeMethodAccessorImpl.invoke0(Native Method)
sun.reflect.NativeMethodAccessorImpl.invoke(Unknown Source)
sun.reflect.DelegatingMethodAccessorImpl.invoke(Unknown Source)
java.lang.reflect.Method.invoke(Unknown Source)
com.exe4j.runtime.LauncherEngine.launch(Unknown Source)
com.install4j.runtime.launcher.Launcher.main(Unknown Source)
::::::::::::::::::::::::::::::::::::::::::::::::::::::::::::::::::::::

11 Jun 2014 | 19:40:04,783 | INFO  | Thread-2 | entities.managers.SFSZoneManager |     | BuddyList saveAll...
11 Jun 2014 | 19:40:41,080 | INFO  | main | smartfoxserver.v2.SmartFoxServer |     | Boot sequence starts...
11 Jun 2014 | 19:40:41,097 | INFO  | main | smartfoxserver.v2.SmartFoxServer |     | 
 _____ _____ _____    ___ __ __    _____ _____ _____ _____ 
|   __|   __|   __|  |_  |  |  |  | __  |     |     |_   _|
|__   |   __|__   |  |  _|-   -|  | __ -|  |  |  |  | | |  
|_____|__|  |_____|  |___|__|__|  |_____|_____|_____| |_|

11 Jun 2014 | 19:40:41,102 | ERROR | main | smartfoxserver.v2.SmartFoxServer |     | com.smartfoxserver.v2.exceptions.SFSException:
::::::::::::::::::::::::::::::::::::::::::::::::::::::::::::::::::::::
Exception: com.smartfoxserver.v2.exceptions.SFSException
Message: Unable to initialize LMS
Description: Fatal error -> Boot failure.
Please report the issue to the online SmartFoxServer support.
+--- --- ---+
Stack Trace:
+--- --- ---+
com.smartfoxserver.v2.SmartFoxServer.initLMService(SmartFoxServer.java:625)
com.smartfoxserver.v2.SmartFoxServer.initialize(SmartFoxServer.java:540)
com.smartfoxserver.v2.SmartFoxServer.start(SmartFoxServer.java:199)
com.smartfoxserver.v2.Main.main(Main.java:31)
sun.reflect.NativeMethodAccessorImpl.invoke0(Native Method)
sun.reflect.NativeMethodAccessorImpl.invoke(Unknown Source)
sun.reflect.DelegatingMethodAccessorImpl.invoke(Unknown Source)
java.lang.reflect.Method.invoke(Unknown Source)
com.exe4j.runtime.LauncherEngine.launch(Unknown Source)
com.install4j.runtime.launcher.Launcher.main(Unknown Source)
::::::::::::::::::::::::::::::::::::::::::::::::::::::::::::::::::::::

11 Jun 2014 | 19:40:41,106 | INFO  | Thread-2 | entities.managers.SFSZoneManager |     | BuddyList saveAll...
11 Jun 2014 | 19:42:02,983 | INFO  | main | smartfoxserver.v2.SmartFoxServer |     | Boot sequence starts...
11 Jun 2014 | 19:42:03,002 | INFO  | main | smartfoxserver.v2.SmartFoxServer |     | 
 _____ _____ _____    ___ __ __    _____ _____ _____ _____ 
|   __|   __|   __|  |_  |  |  |  | __  |     |     |_   _|
|__   |   __|__   |  |  _|-   -|  | __ -|  |  |  |  | | |  
|_____|__|  |_____|  |___|__|__|  |_____|_____|_____| |_|

11 Jun 2014 | 19:42:03,007 | ERROR | main | smartfoxserver.v2.SmartFoxServer |     | com.smartfoxserver.v2.exceptions.SFSException:
::::::::::::::::::::::::::::::::::::::::::::::::::::::::::::::::::::::
Exception: com.smartfoxserver.v2.exceptions.SFSException
Message: Unable to initialize LMS
Description: Fatal error -> Boot failure.
Please report the issue to the online SmartFoxServer support.
+--- --- ---+
Stack Trace:
+--- --- ---+
com.smartfoxserver.v2.SmartFoxServer.initLMService(SmartFoxServer.java:625)
com.smartfoxserver.v2.SmartFoxServer.initialize(SmartFoxServer.java:540)
com.smartfoxserver.v2.SmartFoxServer.start(SmartFoxServer.java:199)
com.smartfoxserver.v2.Main.main(Main.java:31)
sun.reflect.NativeMethodAccessorImpl.invoke0(Native Method)
sun.reflect.NativeMethodAccessorImpl.invoke(Unknown Source)
sun.reflect.DelegatingMethodAccessorImpl.invoke(Unknown Source)
java.lang.reflect.Method.invoke(Unknown Source)
com.exe4j.runtime.LauncherEngine.launch(Unknown Source)
com.install4j.runtime.launcher.Launcher.main(Unknown Source)
::::::::::::::::::::::::::::::::::::::::::::::::::::::::::::::::::::::

11 Jun 2014 | 19:42:03,010 | INFO  | Thread-2 | entities.managers.SFSZoneManager |     | BuddyList saveAll...
